android/build/outputs/logs/manifest-merger-release-report.txt
-- Merging decision tree log ---
manifest
ADDED from FLAPPY BIRD\android\AndroidManifest.xml:2:1-26:12
INJECTED from FLAPPY BIRD\android\AndroidManifest.xml:2:1-26:12
INJECTED from FLAPPY BIRD\android\AndroidManifest.xml:2:1-26:12
INJECTED from FLAPPY BIRD\android\AndroidManifest.xml:2:1-26:12
INJECTED from FLAPPY BIRD\android\AndroidManifest.xml:2:1-26:12
INJECTED from FLAPPY BIRD\android\AndroidManifest.xml:2:1-26:12
INJECTED from FLAPPY BIRD\android\AndroidManifest.xml:2:1-26:12
	package
		ADDED from FLAPPY BIRD\android\AndroidManifest.xml:3:5-42
		INJECTED from FLAPPY BIRD\android\AndroidManifest.xml
		INJECTED from FLAPPY BIRD\android\AndroidManifest.xml
	android:versionName
		INJECTED from FLAPPY BIRD\android\AndroidManifest.xml
		ADDED from FLAPPY BIRD\android\AndroidManifest.xml:2:1-26:12
		INJECTED from FLAPPY BIRD\android\AndroidManifest.xml
	android:versionCode
		INJECTED from FLAPPY BIRD\android\AndroidManifest.xml
		ADDED from FLAPPY BIRD\android\AndroidManifest.xml:2:1-26:12
		INJECTED from FLAPPY BIRD\android\AndroidManifest.xml
	xmlns:android
		ADDED from FLAPPY BIRD\android\AndroidManifest.xml:2:11-69
uses-sdk
ADDED from FLAPPY BIRD\android\AndroidManifest.xml:5:5-7:41
INJECTED from FLAPPY BIRD\android\AndroidManifest.xml:5:5-7:41
INJECTED from FLAPPY BIRD\android\AndroidManifest.xml:5:5-7:41
INJECTED from FLAPPY BIRD\android\AndroidManifest.xml:5:5-7:41
INJECTED from FLAPPY BIRD\android\AndroidManifest.xml:5:5-7:41
	android:targetSdkVersion
		ADDED from FLAPPY BIRD\android\AndroidManifest.xml:7:9-38
		INJECTED from FLAPPY BIRD\android\AndroidManifest.xml
		INJECTED from FLAPPY BIRD\android\AndroidManifest.xml
	android:minSdkVersion
		ADDED from FLAPPY BIRD\android\AndroidManifest.xml:6:9-34
		INJECTED from FLAPPY BIRD\android\AndroidManifest.xml
		INJECTED from FLAPPY BIRD\android\AndroidManifest.xml
application
ADDED from FLAPPY BIRD\android\AndroidManifest.xml:9:5-24:19
	android:label
		ADDED from FLAPPY BIRD\android\AndroidManifest.xml:12:9-41
	android:icon
		ADDED from FLAPPY BIRD\android\AndroidManifest.xml:11:9-47
	android:allowBackup
		ADDED from FLAPPY BIRD\android\AndroidManifest.xml:10:9-35
	android:theme
		ADDED from FLAPPY BIRD\android\AndroidManifest.xml:13:9-40
activity#com.android_dev.flappy_bird.AndroidLauncher
ADDED from FLAPPY BIRD\android\AndroidManifest.xml:14:9-23:20
	android:screenOrientation
		ADDED from FLAPPY BIRD\android\AndroidManifest.xml:17:13-49
	android:label
		ADDED from FLAPPY BIRD\android\AndroidManifest.xml:16:13-45
	android:configChanges
		ADDED from FLAPPY BIRD\android\AndroidManifest.xml:18:13-94
	android:name
		ADDED from FLAPPY BIRD\android\AndroidManifest.xml:15:13-71
intent-filter#action:name:android.intent.action.MAIN+category:name:android.intent.category.LAUNCHER
ADDED from FLAPPY BIRD\android\AndroidManifest.xml:19:13-22:29
action#android.intent.action.MAIN
ADDED from FLAPPY BIRD\android\AndroidManifest.xml:20:17-69
	android:name
		ADDED from FLAPPY BIRD\android\AndroidManifest.xml:20:25-66
category#android.intent.category.LAUNCHER
ADDED from FLAPPY BIRD\android\AndroidManifest.xml:21:17-77
	android:name
		ADDED from FLAPPY BIRD\android\AndroidManifest.xml:21:27-74